[INFO] Application started
[INFO] Window created
[INFO] GameScene Start
[INFO] Texture loaded: test
[INFO] Texture map loaded: floor
[INFO] Texture map loaded: walls
[INFO] Texture map loaded: player
[INFO] Texture map loaded: slime
[INFO] Texture map loaded: orc
[INFO] Resources loaded
[INFO] LevelBuilder: building level
[INFO] LevelBuilder: level built
[INFO] Level built
[INFO] Exit created
[INFO] Animation added: walk
[INFO] Animation added: idle
[INFO] Animation added: attack
[INFO] Animation added: death
[INFO] Player health initialized
[INFO] Player created
[INFO] EnemySpawner created
[INFO] Animation added: idle
[INFO] Animation added: walk
[INFO] Animation added: attack
[INFO] Animation added: death
[INFO] Enemy health initialized
[INFO] Spawned Slime
[INFO] Animation added: idle
[INFO] Animation added: walk
[INFO] Animation added: attack
[INFO] Animation added: death
[INFO] Enemy health initialized
[INFO] Spawned Slime
[INFO] Animation added: idle
[INFO] Animation added: walk
[INFO] Animation added: attack
[INFO] Animation added: death
[INFO] Enemy health initialized
[INFO] Spawned Slime
[INFO] Animation added: idle
[INFO] Animation added: walk
[INFO] Animation added: attack
[INFO] Animation added: death
[INFO] Enemy health initialized
[INFO] Spawned Slime
[INFO] Animation added: idle
[INFO] Animation added: walk
[INFO] Animation added: attack
[INFO] Animation added: death
[INFO] Enemy health initialized
[INFO] Spawned Orc
[INFO] Enemies spawned
[INFO] Player enemy spawner set
[INFO] Music started
[INFO] Engine run started
[INFO] Player attack started
[INFO] Enemy attack started
[INFO] Damage taken. Damage: 20.000000, armor: 2.000000, final: 18.000000, health: 32.000000
[INFO] Attack dealt damage: 20.000000
[INFO] Player attack hit closest enemy
[INFO] Damage taken. Damage: 10.000000, armor: 5.000000, final: 5.000000, health: 95.000000
[INFO] Attack dealt damage: 10.000000
[INFO] Enemy attack hit target
[INFO] Player attack started
[INFO] Damage taken. Damage: 20.000000, armor: 2.000000, final: 18.000000, health: 14.000000
[INFO] Attack dealt damage: 20.000000
[INFO] Player attack hit closest enemy
[INFO] Player attack started
[INFO] Damage taken. Damage: 20.000000, armor: 2.000000, final: 18.000000, health: 0.000000
[INFO] Slime died.
[INFO] Attack dealt damage: 20.000000
[INFO] Player attack hit closest enemy
[INFO] Enemy killed. Kills: 1/3
[INFO] Slime collider disabled.
[INFO] Slime will respawn soon.
[INFO] Slime collider enabled.
[INFO] Slime became invulnerable.
[INFO] Slime respawned.
[INFO] Portal is closed. Kill more enemies.
[INFO] Slime is vulnerable again.
[INFO] Portal is closed. Kill more enemies.
[INFO] Player attack started
[INFO] Damage taken. Damage: 20.000000, armor: 2.000000, final: 18.000000, health: 32.000000
[INFO] Attack dealt damage: 20.000000
[INFO] Player attack hit closest enemy
[INFO] Player attack started
[INFO] Enemy attack started
[INFO] Damage taken. Damage: 20.000000, armor: 2.000000, final: 18.000000, health: 14.000000
[INFO] Attack dealt damage: 20.000000
[INFO] Player attack hit closest enemy
[INFO] Damage taken. Damage: 10.000000, armor: 5.000000, final: 5.000000, health: 90.000000
[INFO] Attack dealt damage: 10.000000
[INFO] Enemy attack hit target
[INFO] Player attack started
[INFO] Damage taken. Damage: 20.000000, armor: 2.000000, final: 18.000000, health: 0.000000
[INFO] Slime died.
[INFO] Attack dealt damage: 20.000000
[INFO] Player attack hit closest enemy
[INFO] Enemy killed. Kills: 2/3
[INFO] Slime collider disabled.
[INFO] Slime will respawn soon.
[INFO] Slime collider enabled.
[INFO] Slime became invulnerable.
[INFO] Slime respawned.
[INFO] Player attack started
[INFO] Damage taken. Damage: 20.000000, armor: 2.000000, final: 18.000000, health: 32.000000
[INFO] Attack dealt damage: 20.000000
[INFO] Player attack hit closest enemy
[INFO] Player attack started
[INFO] Damage taken. Damage: 20.000000, armor: 2.000000, final: 18.000000, health: 14.000000
[INFO] Attack dealt damage: 20.000000
[INFO] Player attack hit closest enemy
[INFO] Enemy attack started
[INFO] Damage taken. Damage: 10.000000, armor: 5.000000, final: 5.000000, health: 85.000000
[INFO] Attack dealt damage: 10.000000
[INFO] Enemy attack hit target
[INFO] Player attack started
[INFO] Enemy attack started
[INFO] Damage taken. Damage: 20.000000, armor: 2.000000, final: 18.000000, health: 0.000000
[INFO] Slime died.
[INFO] Attack dealt damage: 20.000000
[INFO] Player attack hit closest enemy
[INFO] Enemy killed. Kills: 3/3
[INFO] Slime collider disabled.
[INFO] Slime will respawn soon.
[INFO] Portal opened!
[INFO] Slime collider enabled.
[INFO] Slime became invulnerable.
[INFO] Slime respawned.
[INFO] Damage taken. Damage: 10.000000, armor: 5.000000, final: 5.000000, health: 80.000000
[INFO] Attack dealt damage: 10.000000
[INFO] Enemy attack hit target
[INFO] Slime is vulnerable again.
[INFO] YOU WIN
[INFO] Loading next level...
[INFO] GameScene Start
[INFO] Resources loaded
[INFO] LevelBuilder: building level
[INFO] LevelBuilder: level built
[INFO] Level built
[INFO] Exit created
[INFO] Animation added: walk
[INFO] Animation added: idle
[INFO] Animation added: attack
[INFO] Animation added: death
[INFO] Player health initialized
[INFO] Player created
[INFO] EnemySpawner created
[INFO] Animation added: idle
[INFO] Animation added: walk
[INFO] Animation added: attack
[INFO] Animation added: death
[INFO] Enemy health initialized
[INFO] Spawned Slime
[INFO] Animation added: idle
[INFO] Animation added: walk
[INFO] Animation added: attack
[INFO] Animation added: death
[INFO] Enemy health initialized
[INFO] Spawned Slime
[INFO] Animation added: idle
[INFO] Animation added: walk
[INFO] Animation added: attack
[INFO] Animation added: death
[INFO] Enemy health initialized
[INFO] Spawned Slime
[INFO] Animation added: idle
[INFO] Animation added: walk
[INFO] Animation added: attack
[INFO] Animation added: death
[INFO] Enemy health initialized
[INFO] Spawned Slime
[INFO] Animation added: idle
[INFO] Animation added: walk
[INFO] Animation added: attack
[INFO] Animation added: death
[INFO] Enemy health initialized
[INFO] Spawned Slime
[INFO] Animation added: idle
[INFO] Animation added: walk
[INFO] Animation added: attack
[INFO] Animation added: death
[INFO] Enemy health initialized
[INFO] Spawned Orc
[INFO] Animation added: idle
[INFO] Animation added: walk
[INFO] Animation added: attack
[INFO] Animation added: death
[INFO] Enemy health initialized
[INFO] Spawned Orc
[INFO] Enemies spawned
[INFO] Player enemy spawner set
[INFO] Music started
